<?xml version="1.0" encoding="utf-8"?><testsuites name="pytest tests"><testsuite name="pytest" errors="0" failures="0" skipped="0" tests="6" time="30.351" timestamp="2026-07-11T22:16:12.613562+00:00" hostname="agent-env-0912ad00-7a6a-477c-80b2-c81b280f2db1"><testcase classname="backend.tests.test_registration_confirmation_emails.TestSanity" name="test_base_url" time="0.000" /><testcase classname="backend.tests.test_registration_confirmation_emails.TestSanity" name="test_health" time="0.172" /><testcase classname="backend.tests.test_registration_confirmation_emails.TestRiderConfirmationEmail" name="test_rider_registration_sends_two_emails" time="8.609" /><testcase classname="backend.tests.test_registration_confirmation_emails.TestRiderConfirmationEmail" name="test_rider_confirmation_graceful_when_unverified" time="6.496" /><testcase classname="backend.tests.test_registration_confirmation_emails.TestMerchantConfirmationEmail" name="test_merchant_registration_sends_two_emails" time="8.516" /><testcase classname="backend.tests.test_registration_confirmation_emails.TestMerchantConfirmationEmail" name="test_merchant_confirmation_graceful_when_unverified" time="6.498" /></testsuite></testsuites>