<?xml version="1.0" encoding="utf-8"?><testsuites name="pytest tests"><testsuite name="pytest" errors="0" failures="0" skipped="3" tests="58" time="17.571" timestamp="2026-06-27T10:01:44.425897+00:00" hostname="agent-env-0912ad00-7a6a-477c-80b2-c81b280f2db1"><testcase classname="backend.tests.test_auth.TestHealthAndBasics" name="test_api_health" time="0.122" /><testcase classname="backend.tests.test_auth.TestHealthAndBasics" name="test_api_root" time="0.087" /><testcase classname="backend.tests.test_auth.TestAdminLogin" name="test_admin_login_success" time="0.091" /><testcase classname="backend.tests.test_auth.TestAdminLogin" name="test_admin_login_wrong_password" time="0.311" /><testcase classname="backend.tests.test_auth.TestAdminLogin" name="test_login_nonexistent_user" time="0.090" /><testcase classname="backend.tests.test_auth.TestUserRegistration" name="test_rider_registration" time="0.304" /><testcase classname="backend.tests.test_auth.TestUserRegistration" name="test_merchant_registration" time="0.301" /><testcase classname="backend.tests.test_auth.TestUserRegistration" name="test_registration_duplicate_email" time="0.375" /><testcase classname="backend.tests.test_auth.TestUserRegistration" name="test_registration_invalid_role" time="0.079" /><testcase classname="backend.tests.test_auth.TestJWTAuthentication" name="test_auth_me_with_valid_token" time="0.420" /><testcase classname="backend.tests.test_auth.TestJWTAuthentication" name="test_auth_me_without_token" time="0.097" /><testcase classname="backend.tests.test_auth.TestJWTAuthentication" name="test_auth_me_with_invalid_token" time="0.090" /><testcase classname="backend.tests.test_auth.TestRiderDashboardAccess" name="test_rider_profile_not_linked" time="0.385" /><testcase classname="backend.tests.test_auth.TestRiderDashboardAccess" name="test_rider_deliveries_not_linked" time="0.376" /><testcase classname="backend.tests.test_auth.TestRiderDashboardAccess" name="test_rider_stats_not_linked" time="0.388" /><testcase classname="backend.tests.test_auth.TestRiderDashboardAccess" name="test_merchant_cannot_access_rider_endpoints" time="0.388" /><testcase classname="backend.tests.test_auth.TestMerchantDashboardAccess" name="test_merchant_profile_not_linked" time="0.407" /><testcase classname="backend.tests.test_auth.TestMerchantDashboardAccess" name="test_merchant_deliveries_not_linked" time="0.393" /><testcase classname="backend.tests.test_auth.TestMerchantDashboardAccess" name="test_merchant_stats_not_linked" time="0.428" /><testcase classname="backend.tests.test_auth.TestMerchantDashboardAccess" name="test_rider_cannot_access_merchant_endpoints" time="0.374" /><testcase classname="backend.tests.test_auth.TestLoginAndRedirection" name="test_admin_login_returns_correct_role" time="0.081" /><testcase classname="backend.tests.test_auth.TestLoginAndRedirection" name="test_rider_login_returns_correct_role" time="0.598" /><testcase classname="backend.tests.test_auth.TestLoginAndRedirection" name="test_merchant_login_returns_correct_role" time="0.589" /><testcase classname="backend.tests.test_notifications_exports.TestNotificationsAuth" name="test_list_requires_auth" time="0.077" /><testcase classname="backend.tests.test_notifications_exports.TestNotificationsAuth" name="test_unread_count_requires_auth" time="0.071" /><testcase classname="backend.tests.test_notifications_exports.TestNotificationsListAndCount" name="test_list_returns_array" time="0.243" /><testcase classname="backend.tests.test_notifications_exports.TestNotificationsListAndCount" name="test_list_limit_param" time="0.084" /><testcase classname="backend.tests.test_notifications_exports.TestNotificationsListAndCount" name="test_unread_count_shape" time="0.086" /><testcase classname="backend.tests.test_notifications_exports.TestNotificationHookOnDeliveryCreate" name="test_public_delivery_creates_admin_notification" time="2.609" /><testcase classname="backend.tests.test_notifications_exports.TestNotificationHookOnAdminAssign" name="test_assign_notifies_rider" time="2.041" /><testcase classname="backend.tests.test_notifications_exports.TestMarkAsRead" name="test_mark_single_read_and_404" time="0.587" /><testcase classname="backend.tests.test_notifications_exports.TestMarkAsRead" name="test_mark_all_read_clears_count" time="1.326" /><testcase classname="backend.tests.test_notifications_exports.TestCsvExports" name="test_finances_export_csv" time="0.091" /><testcase classname="backend.tests.test_notifications_exports.TestCsvExports" name="test_finances_export_wrong_password" time="0.091" /><testcase classname="backend.tests.test_notifications_exports.TestCsvExports" name="test_existing_exports_still_work[/api/admin/export/delivery-requests]" time="0.090"><skipped type="pytest.xfail" message="Pre-existing bug: inconsistent dict keys" /></testcase><testcase classname="backend.tests.test_notifications_exports.TestCsvExports" name="test_existing_exports_still_work[/api/admin/export/riders]" time="0.088"><skipped type="pytest.xfail" message="Pre-existing bug: inconsistent dict keys" /></testcase><testcase classname="backend.tests.test_notifications_exports.TestCsvExports" name="test_existing_exports_still_work[/api/admin/export/merchants]" time="0.072"><skipped type="pytest.xfail" message="Pre-existing bug: inconsistent dict keys" /></testcase><testcase classname="backend.tests.test_notifications_exports.TestCsvExports" name="test_existing_exports_still_work[/api/admin/export/feedback]" time="0.089" /><testcase classname="backend.tests.test_notifications_exports.TestTrackingRegression" name="test_tracking_for_new_goliv_number" time="0.379" /><testcase classname="backend.tests.test_tracking_zones_financial.TestTrackingEndpoint" name="test_track_valid_number" time="0.075" /><testcase classname="backend.tests.test_tracking_zones_financial.TestTrackingEndpoint" name="test_track_valid_number_002" time="0.080" /><testcase classname="backend.tests.test_tracking_zones_financial.TestTrackingEndpoint" name="test_track_invalid_number" time="0.080" /><testcase classname="backend.tests.test_tracking_zones_financial.TestTrackingEndpoint" name="test_track_case_insensitive" time="0.084" /><testcase classname="backend.tests.test_tracking_zones_financial.TestZonesEndpoint" name="test_get_active_zones" time="0.080" /><testcase classname="backend.tests.test_tracking_zones_financial.TestZonesEndpoint" name="test_zones_have_expected_values" time="0.089" /><testcase classname="backend.tests.test_tracking_zones_financial.TestAdminZonesManagement" name="test_admin_get_all_zones" time="0.100" /><testcase classname="backend.tests.test_tracking_zones_financial.TestAdminZonesManagement" name="test_admin_create_zone" time="0.097" /><testcase classname="backend.tests.test_tracking_zones_financial.TestAdminZonesManagement" name="test_admin_update_zone" time="0.286" /><testcase classname="backend.tests.test_tracking_zones_financial.TestAdminZonesManagement" name="test_admin_zones_unauthorized" time="0.088" /><testcase classname="backend.tests.test_tracking_zones_financial.TestPlatformSettings" name="test_get_platform_settings" time="0.072" /><testcase classname="backend.tests.test_tracking_zones_financial.TestPlatformSettings" name="test_update_platform_settings" time="0.335" /><testcase classname="backend.tests.test_tracking_zones_financial.TestPlatformSettings" name="test_settings_unauthorized" time="0.100" /><testcase classname="backend.tests.test_tracking_zones_financial.TestFinancialDashboard" name="test_get_financial_stats" time="0.073" /><testcase classname="backend.tests.test_tracking_zones_financial.TestFinancialDashboard" name="test_financial_with_date_filter" time="0.079" /><testcase classname="backend.tests.test_tracking_zones_financial.TestFinancialDashboard" name="test_financial_unauthorized" time="0.118" /><testcase classname="backend.tests.test_tracking_zones_financial.TestDeliveryCreationWithPricing" name="test_create_delivery_with_zone_pricing" time="0.378" /><testcase classname="backend.tests.test_tracking_zones_financial.TestDeliveryCreationWithPricing" name="test_create_delivery_with_weight_surcharge" time="0.383" /><testcase classname="backend.tests.test_tracking_zones_financial.TestDeliveryRequestsWithTracking" name="test_admin_delivery_list_has_tracking" time="0.093" /></testsuite></testsuites>