<?xml version="1.0" encoding="utf-8"?><testsuites name="pytest tests"><testsuite name="pytest" errors="0" failures="0" skipped="0" tests="19" time="3.763" timestamp="2026-03-01T21:17:52.815598+00:00" hostname="agent-env-fa0a1288-e5d9-4727-9a8d-27a227f7a5f4"><testcase classname="backend.tests.test_tracking_zones_financial.TestTrackingEndpoint" name="test_track_valid_number" time="0.267" /><testcase classname="backend.tests.test_tracking_zones_financial.TestTrackingEndpoint" name="test_track_valid_number_002" time="0.194" /><testcase classname="backend.tests.test_tracking_zones_financial.TestTrackingEndpoint" name="test_track_invalid_number" time="0.110" /><testcase classname="backend.tests.test_tracking_zones_financial.TestTrackingEndpoint" name="test_track_case_insensitive" time="0.142" /><testcase classname="backend.tests.test_tracking_zones_financial.TestZonesEndpoint" name="test_get_active_zones" time="0.123" /><testcase classname="backend.tests.test_tracking_zones_financial.TestZonesEndpoint" name="test_zones_have_expected_values" time="0.097" /><testcase classname="backend.tests.test_tracking_zones_financial.TestAdminZonesManagement" name="test_admin_get_all_zones" time="0.084" /><testcase classname="backend.tests.test_tracking_zones_financial.TestAdminZonesManagement" name="test_admin_create_zone" time="0.101" /><testcase classname="backend.tests.test_tracking_zones_financial.TestAdminZonesManagement" name="test_admin_update_zone" time="0.290" /><testcase classname="backend.tests.test_tracking_zones_financial.TestAdminZonesManagement" name="test_admin_zones_unauthorized" time="0.081" /><testcase classname="backend.tests.test_tracking_zones_financial.TestPlatformSettings" name="test_get_platform_settings" time="0.093" /><testcase classname="backend.tests.test_tracking_zones_financial.TestPlatformSettings" name="test_update_platform_settings" time="0.401" /><testcase classname="backend.tests.test_tracking_zones_financial.TestPlatformSettings" name="test_settings_unauthorized" time="0.098" /><testcase classname="backend.tests.test_tracking_zones_financial.TestFinancialDashboard" name="test_get_financial_stats" time="0.082" /><testcase classname="backend.tests.test_tracking_zones_financial.TestFinancialDashboard" name="test_financial_with_date_filter" time="0.081" /><testcase classname="backend.tests.test_tracking_zones_financial.TestFinancialDashboard" name="test_financial_unauthorized" time="0.094" /><testcase classname="backend.tests.test_tracking_zones_financial.TestDeliveryCreationWithPricing" name="test_create_delivery_with_zone_pricing" time="0.814" /><testcase classname="backend.tests.test_tracking_zones_financial.TestDeliveryCreationWithPricing" name="test_create_delivery_with_weight_surcharge" time="0.413" /><testcase classname="backend.tests.test_tracking_zones_financial.TestDeliveryRequestsWithTracking" name="test_admin_delivery_list_has_tracking" time="0.073" /></testsuite></testsuites>