<?xml version="1.0" encoding="utf-8"?><testsuites name="pytest tests"><testsuite name="pytest" errors="0" failures="0" skipped="0" tests="11" time="2.003" timestamp="2026-06-27T11:00:08.019900+00:00" hostname="agent-env-0912ad00-7a6a-477c-80b2-c81b280f2db1"><testcase classname="backend.tests.test_google_auth_and_exports.TestGoogleAuthSession" name="test_google_session_invalid_session_id_returns_401" time="0.509" /><testcase classname="backend.tests.test_google_auth_and_exports.TestGoogleAuthSession" name="test_google_session_missing_session_id_returns_422" time="0.076" /><testcase classname="backend.tests.test_google_auth_and_exports.TestGoogleAuthSession" name="test_google_session_empty_session_id_returns_401" time="0.230" /><testcase classname="backend.tests.test_google_auth_and_exports.TestStandardLogin" name="test_admin_login_jwt" time="0.085" /><testcase classname="backend.tests.test_google_auth_and_exports.TestStandardLogin" name="test_admin_login_wrong_password" time="0.297" /><testcase classname="backend.tests.test_google_auth_and_exports.TestStandardLogin" name="test_auth_me_with_token" time="0.271" /><testcase classname="backend.tests.test_google_auth_and_exports" name="test_csv_export_returns_200[delivery-requests-demandes_livraison.csv-expected_headers0]" time="0.099" /><testcase classname="backend.tests.test_google_auth_and_exports" name="test_csv_export_returns_200[riders-livreurs.csv-expected_headers1]" time="0.084" /><testcase classname="backend.tests.test_google_auth_and_exports" name="test_csv_export_returns_200[merchants-commercants.csv-expected_headers2]" time="0.086" /><testcase classname="backend.tests.test_google_auth_and_exports" name="test_csv_export_returns_200[feedback-avis_clients.csv-expected_headers3]" time="0.086" /><testcase classname="backend.tests.test_google_auth_and_exports" name="test_csv_export_wrong_password" time="0.080" /></testsuite></testsuites>