<?xml version="1.0" encoding="utf-8"?><testsuites name="pytest tests"><testsuite name="pytest" errors="0" failures="0" skipped="0" tests="17" time="8.264" timestamp="2026-07-10T14:32:30.527837+00:00" hostname="agent-env-0912ad00-7a6a-477c-80b2-c81b280f2db1"><testcase classname="backend.tests.test_tracking_flow_e2e.TestTrackingFlow" name="test_01_create_returns_tracking_and_nouveau" time="0.442" /><testcase classname="backend.tests.test_tracking_flow_e2e.TestTrackingFlow" name="test_02_track_after_create_shows_nouveau" time="0.039" /><testcase classname="backend.tests.test_tracking_flow_e2e.TestTrackingFlow" name="test_03_assign_rider_sets_assigne" time="0.506" /><testcase classname="backend.tests.test_tracking_flow_e2e.TestTrackingFlow" name="test_04_track_after_assign_shows_assigne" time="0.076" /><testcase classname="backend.tests.test_tracking_flow_e2e.TestTrackingFlow" name="test_05_update_status_to_en_cours" time="0.275" /><testcase classname="backend.tests.test_tracking_flow_e2e.TestTrackingFlow" name="test_06_track_after_en_cours" time="0.073" /><testcase classname="backend.tests.test_tracking_flow_e2e.TestTrackingFlow" name="test_07_update_status_to_livre" time="0.313" /><testcase classname="backend.tests.test_tracking_flow_e2e.TestTrackingFlow" name="test_08_track_after_livre" time="0.078" /><testcase classname="backend.tests.test_tracking_flow_e2e.TestTrackingFlow" name="test_09_track_unknown_returns_404" time="0.040" /><testcase classname="backend.tests.test_tracking_flow_e2e.TestStatusLabels" name="test_status_label_mapping[nouveau-En attente de prise en charge]" time="0.321" /><testcase classname="backend.tests.test_tracking_flow_e2e.TestStatusLabels" name="test_status_label_mapping[assigne-Assign\xe9 \xe0 un livreur]" time="0.600" /><testcase classname="backend.tests.test_tracking_flow_e2e.TestStatusLabels" name="test_status_label_mapping[en_cours-En cours de livraison]" time="0.830" /><testcase classname="backend.tests.test_tracking_flow_e2e.TestStatusLabels" name="test_status_label_mapping[livre-Livr\xe9]" time="1.156" /><testcase classname="backend.tests.test_tracking_flow_e2e.TestEmailGracefulFailure" name="test_create_delivery_does_not_crash_when_email_fails" time="0.531" /><testcase classname="backend.tests.test_tracking_flow_e2e.TestEmailGracefulFailure" name="test_assign_does_not_crash_when_email_fails" time="0.900" /><testcase classname="backend.tests.test_tracking_flow_e2e.TestEmailGracefulFailure" name="test_status_updates_do_not_crash_when_email_fails" time="1.183" /><testcase classname="backend.tests.test_tracking_flow_e2e.TestInAppNotifications" name="test_rider_gets_notified_on_assign_and_status_change" time="0.817" /></testsuite></testsuites>