<?xml version="1.0" encoding="utf-8"?><testsuites name="pytest tests"><testsuite name="pytest" errors="0" failures="1" skipped="0" tests="23" time="24.422" timestamp="2026-02-02T14:19:48.815777+00:00" hostname="agent-env-fa0a1288-e5d9-4727-9a8d-27a227f7a5f4"><testcase classname="backend.tests.test_auth.TestHealthAndBasics" name="test_api_health" time="0.597" /><testcase classname="backend.tests.test_auth.TestHealthAndBasics" name="test_api_root" time="0.540" /><testcase classname="backend.tests.test_auth.TestAdminLogin" name="test_admin_login_success" time="0.622" /><testcase classname="backend.tests.test_auth.TestAdminLogin" name="test_admin_login_wrong_password" time="0.675" /><testcase classname="backend.tests.test_auth.TestAdminLogin" name="test_login_nonexistent_user" time="0.779" /><testcase classname="backend.tests.test_auth.TestUserRegistration" name="test_rider_registration" time="0.773" /><testcase classname="backend.tests.test_auth.TestUserRegistration" name="test_merchant_registration" time="0.748" /><testcase classname="backend.tests.test_auth.TestUserRegistration" name="test_registration_duplicate_email" time="1.555" /><testcase classname="backend.tests.test_auth.TestUserRegistration" name="test_registration_invalid_role" time="0.344"><failure message="assert 520 == 400&#10; +  where 520 = &lt;Response [520]&gt;.status_code">backend/tests/test_auth.py:148: in test_registration_invalid_role
    assert response.status_code == 400
E   assert 520 == 400
E    +  where 520 = &lt;Response [520]&gt;.status_code</failure></testcase><testcase classname="backend.tests.test_auth.TestJWTAuthentication" name="test_auth_me_with_valid_token" time="1.241" /><testcase classname="backend.tests.test_auth.TestJWTAuthentication" name="test_auth_me_without_token" time="0.600" /><testcase classname="backend.tests.test_auth.TestJWTAuthentication" name="test_auth_me_with_invalid_token" time="0.807" /><testcase classname="backend.tests.test_auth.TestRiderDashboardAccess" name="test_rider_profile_not_linked" time="1.358" /><testcase classname="backend.tests.test_auth.TestRiderDashboardAccess" name="test_rider_deliveries_not_linked" time="1.597" /><testcase classname="backend.tests.test_auth.TestRiderDashboardAccess" name="test_rider_stats_not_linked" time="1.528" /><testcase classname="backend.tests.test_auth.TestRiderDashboardAccess" name="test_merchant_cannot_access_rider_endpoints" time="1.675" /><testcase classname="backend.tests.test_auth.TestMerchantDashboardAccess" name="test_merchant_profile_not_linked" time="1.228" /><testcase classname="backend.tests.test_auth.TestMerchantDashboardAccess" name="test_merchant_deliveries_not_linked" time="1.048" /><testcase classname="backend.tests.test_auth.TestMerchantDashboardAccess" name="test_merchant_stats_not_linked" time="1.713" /><testcase classname="backend.tests.test_auth.TestMerchantDashboardAccess" name="test_rider_cannot_access_merchant_endpoints" time="1.573" /><testcase classname="backend.tests.test_auth.TestLoginAndRedirection" name="test_admin_login_returns_correct_role" time="0.448" /><testcase classname="backend.tests.test_auth.TestLoginAndRedirection" name="test_rider_login_returns_correct_role" time="1.223" /><testcase classname="backend.tests.test_auth.TestLoginAndRedirection" name="test_merchant_login_returns_correct_role" time="1.622" /></testsuite></testsuites>