<?xml version="1.0" encoding="utf-8"?><testsuites name="pytest tests"><testsuite name="pytest" errors="0" failures="0" skipped="3" tests="16" time="5.785" timestamp="2026-06-27T10:01:09.081731+00:00" hostname="agent-env-0912ad00-7a6a-477c-80b2-c81b280f2db1"><testcase classname="backend.tests.test_notifications_exports.TestNotificationsAuth" name="test_list_requires_auth" time="0.243" /><testcase classname="backend.tests.test_notifications_exports.TestNotificationsAuth" name="test_unread_count_requires_auth" time="0.077" /><testcase classname="backend.tests.test_notifications_exports.TestNotificationsListAndCount" name="test_list_returns_array" time="0.410" /><testcase classname="backend.tests.test_notifications_exports.TestNotificationsListAndCount" name="test_list_limit_param" time="0.086" /><testcase classname="backend.tests.test_notifications_exports.TestNotificationsListAndCount" name="test_unread_count_shape" time="0.080" /><testcase classname="backend.tests.test_notifications_exports.TestNotificationHookOnDeliveryCreate" name="test_public_delivery_creates_admin_notification" time="0.621" /><testcase classname="backend.tests.test_notifications_exports.TestNotificationHookOnAdminAssign" name="test_assign_notifies_rider" time="1.912" /><testcase classname="backend.tests.test_notifications_exports.TestMarkAsRead" name="test_mark_single_read_and_404" time="0.533" /><testcase classname="backend.tests.test_notifications_exports.TestMarkAsRead" name="test_mark_all_read_clears_count" time="0.858" /><testcase classname="backend.tests.test_notifications_exports.TestCsvExports" name="test_finances_export_csv" time="0.088" /><testcase classname="backend.tests.test_notifications_exports.TestCsvExports" name="test_finances_export_wrong_password" time="0.077" /><testcase classname="backend.tests.test_notifications_exports.TestCsvExports" name="test_existing_exports_still_work[/api/admin/export/delivery-requests]" time="0.086"><skipped type="pytest.xfail" message="Pre-existing bug: inconsistent dict keys" /></testcase><testcase classname="backend.tests.test_notifications_exports.TestCsvExports" name="test_existing_exports_still_work[/api/admin/export/riders]" time="0.102"><skipped type="pytest.xfail" message="Pre-existing bug: inconsistent dict keys" /></testcase><testcase classname="backend.tests.test_notifications_exports.TestCsvExports" name="test_existing_exports_still_work[/api/admin/export/merchants]" time="0.082"><skipped type="pytest.xfail" message="Pre-existing bug: inconsistent dict keys" /></testcase><testcase classname="backend.tests.test_notifications_exports.TestCsvExports" name="test_existing_exports_still_work[/api/admin/export/feedback]" time="0.087" /><testcase classname="backend.tests.test_notifications_exports.TestTrackingRegression" name="test_tracking_for_new_goliv_number" time="0.346" /></testsuite></testsuites>