<?xml version="1.0" encoding="utf-8"?><testsuites name="pytest tests"><testsuite name="pytest" errors="0" failures="0" skipped="0" tests="47" time="6.635" timestamp="2026-07-10T13:43:00.290650+00:00" hostname="agent-env-0912ad00-7a6a-477c-80b2-c81b280f2db1"><testcase classname="backend.tests.test_admin_jwt_security" name="test_admin_get_returns_401_without_token[/admin/stats]" time="0.234" /><testcase classname="backend.tests.test_admin_jwt_security" name="test_admin_get_returns_401_without_token[/admin/analytics]" time="0.210" /><testcase classname="backend.tests.test_admin_jwt_security" name="test_admin_get_returns_401_without_token[/admin/delivery-requests]" time="0.175" /><testcase classname="backend.tests.test_admin_jwt_security" name="test_admin_get_returns_401_without_token[/admin/feedback]" time="0.205" /><testcase classname="backend.tests.test_admin_jwt_security" name="test_admin_get_returns_401_without_token[/admin/merchants]" time="0.154" /><testcase classname="backend.tests.test_admin_jwt_security" name="test_admin_get_returns_401_without_token[/admin/riders]" time="0.169" /><testcase classname="backend.tests.test_admin_jwt_security" name="test_admin_get_returns_401_without_token[/admin/contacts]" time="0.173" /><testcase classname="backend.tests.test_admin_jwt_security" name="test_admin_get_returns_401_without_token[/admin/users]" time="0.158" /><testcase classname="backend.tests.test_admin_jwt_security" name="test_admin_get_returns_401_without_token[/admin/zones]" time="0.166" /><testcase classname="backend.tests.test_admin_jwt_security" name="test_admin_get_returns_401_without_token[/admin/settings]" time="0.149" /><testcase classname="backend.tests.test_admin_jwt_security" name="test_admin_get_returns_401_without_token[/admin/financial]" time="0.215" /><testcase classname="backend.tests.test_admin_jwt_security" name="test_admin_get_returns_401_without_token[/admin/export/delivery-requests]" time="0.160" /><testcase classname="backend.tests.test_admin_jwt_security" name="test_admin_get_returns_401_without_token[/admin/export/feedback]" time="0.180" /><testcase classname="backend.tests.test_admin_jwt_security" name="test_admin_get_returns_401_without_token[/admin/export/merchants]" time="0.169" /><testcase classname="backend.tests.test_admin_jwt_security" name="test_admin_get_returns_401_without_token[/admin/export/riders]" time="0.208" /><testcase classname="backend.tests.test_admin_jwt_security" name="test_admin_get_returns_401_without_token[/admin/export/finances]" time="0.180" /><testcase classname="backend.tests.test_admin_jwt_security" name="test_admin_get_returns_403_with_non_admin_token[/admin/stats]" time="0.381" /><testcase classname="backend.tests.test_admin_jwt_security" name="test_admin_get_returns_403_with_non_admin_token[/admin/analytics]" time="0.092" /><testcase classname="backend.tests.test_admin_jwt_security" name="test_admin_get_returns_403_with_non_admin_token[/admin/delivery-requests]" time="0.069" /><testcase classname="backend.tests.test_admin_jwt_security" name="test_admin_get_returns_403_with_non_admin_token[/admin/feedback]" time="0.087" /><testcase classname="backend.tests.test_admin_jwt_security" name="test_admin_get_returns_403_with_non_admin_token[/admin/merchants]" time="0.090" /><testcase classname="backend.tests.test_admin_jwt_security" name="test_admin_get_returns_403_with_non_admin_token[/admin/riders]" time="0.076" /><testcase classname="backend.tests.test_admin_jwt_security" name="test_admin_get_returns_403_with_non_admin_token[/admin/contacts]" time="0.084" /><testcase classname="backend.tests.test_admin_jwt_security" name="test_admin_get_returns_403_with_non_admin_token[/admin/users]" time="0.077" /><testcase classname="backend.tests.test_admin_jwt_security" name="test_admin_get_returns_403_with_non_admin_token[/admin/zones]" time="0.085" /><testcase classname="backend.tests.test_admin_jwt_security" name="test_admin_get_returns_403_with_non_admin_token[/admin/settings]" time="0.079" /><testcase classname="backend.tests.test_admin_jwt_security" name="test_admin_get_returns_403_with_non_admin_token[/admin/financial]" time="0.084" /><testcase classname="backend.tests.test_admin_jwt_security" name="test_admin_get_returns_403_with_non_admin_token[/admin/export/delivery-requests]" time="0.084" /><testcase classname="backend.tests.test_admin_jwt_security" name="test_admin_get_returns_403_with_non_admin_token[/admin/export/feedback]" time="0.073" /><testcase classname="backend.tests.test_admin_jwt_security" name="test_admin_get_returns_403_with_non_admin_token[/admin/export/merchants]" time="0.095" /><testcase classname="backend.tests.test_admin_jwt_security" name="test_admin_get_returns_403_with_non_admin_token[/admin/export/riders]" time="0.078" /><testcase classname="backend.tests.test_admin_jwt_security" name="test_admin_get_returns_403_with_non_admin_token[/admin/export/finances]" time="0.096" /><testcase classname="backend.tests.test_admin_jwt_security" name="test_admin_get_returns_200_with_admin_token[/admin/stats]" time="0.247" /><testcase classname="backend.tests.test_admin_jwt_security" name="test_admin_get_returns_200_with_admin_token[/admin/delivery-requests]" time="0.088" /><testcase classname="backend.tests.test_admin_jwt_security" name="test_admin_get_returns_200_with_admin_token[/admin/zones]" time="0.075" /><testcase classname="backend.tests.test_admin_jwt_security" name="test_admin_get_returns_200_with_admin_token[/admin/financial]" time="0.073" /><testcase classname="backend.tests.test_admin_jwt_security" name="test_admin_get_returns_200_with_admin_token[/admin/merchants]" time="0.103" /><testcase classname="backend.tests.test_admin_jwt_security" name="test_admin_get_returns_200_with_admin_token[/admin/riders]" time="0.085" /><testcase classname="backend.tests.test_admin_jwt_security" name="test_admin_csv_export_with_admin_token[/admin/export/delivery-requests]" time="0.079" /><testcase classname="backend.tests.test_admin_jwt_security" name="test_admin_csv_export_with_admin_token[/admin/export/riders]" time="0.080" /><testcase classname="backend.tests.test_admin_jwt_security" name="test_admin_csv_export_with_admin_token[/admin/export/merchants]" time="0.091" /><testcase classname="backend.tests.test_admin_jwt_security" name="test_admin_csv_export_with_admin_token[/admin/export/feedback]" time="0.078" /><testcase classname="backend.tests.test_admin_jwt_security" name="test_admin_csv_export_with_admin_token[/admin/export/finances]" time="0.081" /><testcase classname="backend.tests.test_admin_jwt_security" name="test_admin_zone_crud_with_jwt" time="0.575" /><testcase classname="backend.tests.test_admin_jwt_security" name="test_admin_delivery_status_update_requires_admin_jwt" time="0.216" /><testcase classname="backend.tests.test_admin_jwt_security" name="test_admin_financial_with_jwt" time="0.075" /><testcase classname="backend.tests.test_admin_jwt_security" name="test_admin_route_rejects_garbage_token" time="0.084" /></testsuite></testsuites>