<?xml version="1.0" encoding="utf-8"?><testsuites name="pytest tests"><testsuite name="pytest" errors="0" failures="0" skipped="0" tests="8" time="6.746" timestamp="2026-07-11T22:06:02.030895+00:00" hostname="agent-env-0912ad00-7a6a-477c-80b2-c81b280f2db1"><testcase classname="backend.tests.test_email_delivery_notification.TestEmailConfiguration" name="test_admin_email_is_verified_resend_owner" time="0.000" /><testcase classname="backend.tests.test_email_delivery_notification.TestEmailConfiguration" name="test_sender_email_configured" time="0.000" /><testcase classname="backend.tests.test_email_delivery_notification.TestEmailConfiguration" name="test_backend_url_available" time="0.000" /><testcase classname="backend.tests.test_email_delivery_notification.TestEmailConfiguration" name="test_health_endpoint" time="0.302" /><testcase classname="backend.tests.test_email_delivery_notification.TestDeliveryEmailNotification" name="test_create_delivery_triggers_email_and_returns_tracking" time="5.340" /><testcase classname="backend.tests.test_email_delivery_notification.TestDeliveryEmailNotification" name="test_create_delivery_does_not_crash_on_email" time="0.301" /><testcase classname="backend.tests.test_email_delivery_notification.TestSendNotificationEmailUnit" name="test_returns_true_on_success" time="0.545" /><testcase classname="backend.tests.test_email_delivery_notification.TestSendNotificationEmailUnit" name="test_returns_false_on_unverified_recipient" time="0.203" /></testsuite></testsuites>